2017-02-10 09:55:57,526 - bingo.parser - INFO -  city is running kiev
2017-02-10 09:55:58,365 - bingo.parser - INFO -  this girl is on fire [930558544, 'kiev', '22', '10.02.2017 08:59', u'./pictures/ukrgo_id_15348716.jpg']
2017-02-10 10:06:49,143 - bingo.parser - INFO -  city is running kiev
2017-02-10 10:06:50,038 - bingo.parser - INFO -  this girl is on fire [930558544, 'kiev', '22', '10.02.2017 08:59', u'./pictures/ukrgo_id_15348716.jpg']
2017-02-10 10:17:44,258 - bingo.parser - INFO -  city is running kiev
2017-02-10 10:17:44,995 - bingo.parser - INFO -  this girl is on fire [930558544, 'kiev', '22', '10.02.2017 08:59', u'./pictures/ukrgo_id_15348716.jpg']
2017-02-10 10:17:45,926 - bingo.parser - INFO -  this girl is on fire [678239777, 'kiev', '23', '10.02.2017 09:18']
2017-02-10 10:17:46,502 - bingo.parser - INFO -  this girl is on fire [638103752, 'kiev', '30', '10.02.2017 09:23', u'./pictures/ukrgo_id_15348907.jpg']
2017-02-10 10:17:47,585 - bingo.parser - INFO -  this girl is on fire [508404214, 'kiev', '29', '10.02.2017 09:06', u'./pictures/ukrgo_id_15348761.jpg']
2017-02-10 10:17:48,557 - bingo.parser - INFO -  this girl is on fire [689314807, 'kiev', '30', '10.02.2017 08:52', u'./pictures/ukrgo_id_15348682.jpg']
2017-02-10 10:17:49,185 - bingo.parser - INFO -  error into get_infoFrom_girl Unicode related error.
2017-02-10 10:17:49,185 - bingo.parser - INFO -  this girl is on fire None
2017-02-10 10:17:49,518 - bingo.parser - INFO -  this girl is on fire [986962320, 'kiev', '41', '10.02.2017 09:27', u'./pictures/ukrgo_id_15348937.jpg']
2017-02-10 10:17:50,407 - bingo.parser - INFO -  this girl is on fire [636185168, 'kiev', '21', '10.02.2017 09:34', u'./pictures/ukrgo_id_15349016.jpg']
2017-02-10 10:17:51,685 - bingo.parser - INFO -  this girl is on fire [687165979, 'kiev', '27', '10.02.2017 09:55', u'./pictures/ukrgo_id_15349190.jpg']
2017-02-10 10:17:52,689 - bingo.parser - INFO -  this girl is on fire [508359319, 'kiev', '20', '10.02.2017 09:27']
2017-02-10 10:17:53,778 - bingo.parser - INFO -  this girl is on fire [638103752, 'kiev', '28', '10.02.2017 09:16', u'./pictures/ukrgo_id_15348851.jpg']
2017-02-10 10:17:54,634 - bingo.parser - INFO -  this girl is on fire [734017998, 'kiev', '27', '10.02.2017 09:37', u'./pictures/ukrgo_id_15349041.jpg']
2017-02-10 10:17:56,080 - bingo.parser - INFO -  this girl is on fire [678239777, 'kiev', '20', '10.02.2017 06:16', u'./pictures/ukrgo_id_15347744.jpg']
2017-02-10 10:17:56,649 - bingo.parser - INFO -  this girl is on fire [678239777, 'kiev', '21', '10.02.2017 09:51', u'./pictures/ukrgo_id_15349139.jpg']
2017-02-10 10:17:57,221 - bingo.parser - INFO -  this girl is on fire [635313175, 'kiev', '30', '10.02.2017 08:55', u'./pictures/ukrgo_id_15348704.jpg']
2017-02-10 10:17:58,546 - bingo.parser - INFO -  this girl is on fire [981335434, 'kiev', '29', '10.02.2017 09:04', u'./pictures/ukrgo_id_15348745.JPG']
2017-02-10 10:17:59,554 - bingo.parser - INFO -  this girl is on fire [509359319, 'kiev', '20', '8.02.2017 20:29', u'./pictures/ukrgo_id_15326473.JPG']
2017-02-10 10:18:01,178 - bingo.parser - INFO -  this girl is on fire [638103752, 'kiev', '28', '10.02.2017 09:19', u'./pictures/ukrgo_id_15348884.jpg']
2017-02-10 10:18:01,583 - bingo.parser - INFO -  this girl is on fire [678239777, 'kiev', '21', '10.02.2017 09:47']
2017-02-10 10:18:02,072 - bingo.parser - INFO -  this girl is on fire [632010065, 'kiev', '20', '10.02.2017 08:44']
2017-02-10 10:18:02,762 - bingo.parser - INFO -  this girl is on fire [632028587, 'kiev', '23', '10.02.2017 09:06', u'./pictures/ukrgo_id_15348762.jpg']
2017-02-10 10:18:03,864 - bingo.parser - INFO -  this girl is on fire [934635272, 'kiev', '25', '10.02.2017 09:02', u'./pictures/ukrgo_id_15348727.png']
2017-02-10 10:18:05,083 - bingo.parser - INFO -  this girl is on fire [637010011, 'kiev', '20', '10.02.2017 09:38', u'./pictures/ukrgo_id_15349078.jpg']
2017-02-10 10:18:06,314 - bingo.parser - INFO -  this girl is on fire [678239777, 'kiev', '23', '10.02.2017 09:43', u'./pictures/ukrgo_id_15349101.jpg']
2017-02-10 10:18:06,818 - bingo.parser - INFO -  this girl is on fire [994347093, 'kiev', '28', '10.02.2017 09:13', u'./pictures/ukrgo_id_15348834.jpg']
2017-02-10 10:18:07,896 - bingo.parser - INFO -  this girl is on fire [688476665, 'kiev', '24', '10.02.2017 09:01', u'./pictures/ukrgo_id_15348725.jpg']
2017-02-10 10:18:09,487 - bingo.parser - INFO -  this girl is on fire [678239777, 'kiev', '20', '10.02.2017 06:26', u'./pictures/ukrgo_id_15347805.jpg']
2017-02-10 10:18:09,892 - bingo.parser - INFO -  this girl is on fire [679962549, 'kiev', '43', '10.02.2017 09:14', u'./pictures/ukrgo_id_15348844.jpg']
2017-02-10 10:18:11,662 - bingo.parser - INFO -  this girl is on fire [934059950, 'kiev', '25', '10.02.2017 09:47', u'./pictures/ukrgo_id_15349124.jpg']
2017-02-10 10:18:12,920 - bingo.parser - INFO -  this girl is on fire [662879650, 'kiev', '20', '10.02.2017 09:36', u'./pictures/ukrgo_id_15349038.jpg']
2017-02-10 10:18:14,134 - bingo.parser - INFO -  this girl is on fire [663073428, 'kiev', '20', '10.02.2017 09:30', u'./pictures/ukrgo_id_15348975.jpg']
2017-02-10 10:18:15,189 - bingo.parser - INFO -  this girl is on fire [731519283, 'kiev', '39', '10.02.2017 08:40', u'./pictures/ukrgo_id_15348630.jpg']
2017-02-10 10:18:16,477 - bingo.parser - INFO -  this girl is on fire [636107673, 'kiev', '28', '10.02.2017 09:45', u'./pictures/ukrgo_id_15349113.jpg']
2017-02-10 10:18:17,677 - bingo.parser - INFO -  this girl is on fire [634098097, 'kiev', '23', '10.02.2017 09:05', u'./pictures/ukrgo_id_15348749.jpg']
2017-02-10 10:18:18,608 - bingo.parser - INFO -  error into get_infoFrom_girl Unicode related error.
2017-02-10 10:18:18,609 - bingo.parser - INFO -  this girl is on fire None
2017-02-10 10:18:18,930 - bingo.parser - INFO -  this girl is on fire [674233405, 'kiev', '26', '10.02.2017 08:40', u'./pictures/ukrgo_id_15348634.jpg']
2017-02-10 10:18:19,920 - bingo.parser - INFO -  error into get_infoFrom_girl Unicode related error.
2017-02-10 10:18:19,920 - bingo.parser - INFO -  this girl is on fire None
2017-02-10 10:18:19,920 - bingo.parser - INFO -  error into get_infoFrom_girl Unicode related error.
2017-02-10 10:18:19,920 - bingo.parser - INFO -  this girl is on fire None
2017-02-10 10:18:20,178 - bingo.parser - INFO -  this girl is on fire [678239777, 'kiev', '22', '10.02.2017 09:37', u'./pictures/ukrgo_id_15349045.jpg']
2017-02-10 10:18:20,762 - bingo.parser - INFO -  this girl is on fire [681388965, 'kiev', '32', '10.02.2017 08:47', u'./pictures/ukrgo_id_15348664.jpg']
2017-02-10 10:18:22,041 - bingo.parser - INFO -  this girl is on fire [999881635, 'kiev', '20', '10.02.2017 09:34', u'./pictures/ukrgo_id_15349006.JPG']
2017-02-10 10:18:22,581 - bingo.parser - INFO -  duplicate image, ms is =  0.0
2017-02-10 10:18:22,952 - bingo.parser - INFO -  this girl is on fire [678239777, 'kiev', '24', '10.02.2017 09:34', u'./pictures/ukrgo_id_15349008.jpg']
2017-02-10 10:18:23,120 - bingo.parser - INFO -  error into get_infoFrom_girl Unicode related error.
2017-02-10 10:18:23,121 - bingo.parser - INFO -  this girl is on fire None
2017-02-10 10:18:23,376 - bingo.parser - INFO -  this girl is on fire [678239777, 'kiev', '22', '10.02.2017 06:14', u'./pictures/ukrgo_id_15347729.jpg']
2017-02-10 10:18:23,756 - bingo.parser - INFO -  this girl is on fire [678239777, 'kiev', '23', '10.02.2017 09:30', u'./pictures/ukrgo_id_15348970.jpg']
2017-02-10 10:18:24,130 - bingo.parser - INFO -  this girl is on fire [678239777, 'kiev', '22', '10.02.2017 09:24', u'./pictures/ukrgo_id_15348924.jpg']
2017-02-10 10:18:24,494 - bingo.parser - INFO -  this girl is on fire [636107673, 'kiev', '27', '10.02.2017 09:40', u'./pictures/ukrgo_id_15349070.jpg']
2017-02-10 10:18:24,948 - bingo.parser - INFO -  this girl is on fire [734026378, 'kiev', '27', '10.02.2017 09:00', u'./pictures/ukrgo_id_15348719.jpg']
2017-02-10 10:18:26,283 - bingo.parser - INFO -  this girl is on fire [508359319, 'kiev', '20', '8.02.2017 18:27', u'./pictures/ukrgo_id_15324800.jpg']
2017-02-10 10:18:27,328 - bingo.parser - INFO -  this girl is on fire [973085358, 'kiev', '50', '10.02.2017 09:35', u'./pictures/ukrgo_id_15349021.jpeg']
2017-02-10 10:18:29,148 - bingo.parser - INFO -  this girl is on fire [678239777, 'kiev', '24', '10.02.2017 09:54', u'./pictures/ukrgo_id_15349173.jpg']
2017-02-10 10:18:29,706 - bingo.parser - INFO -  this girl is on fire [731511854, 'kiev', '27', '10.02.2017 09:42', u'./pictures/ukrgo_id_15349087.jpg']
2017-02-10 10:18:31,372 - bingo.parser - INFO -  this girl is on fire [672496076, 'kiev', '21', '2.12.2016 00:08', u'./pictures/ukrgo_id_14466976.jpg']
